::1 - - [09/Nov/2025:10:42:32 -0300] "GET /phpmyadmin HTTP/1.1" 301 241
::1 - - [09/Nov/2025:10:42:32 -0300] "GET /phpmyadmin/ HTTP/1.1" 200 8024
::1 - - [09/Nov/2025:10:42:34 -0300] "GET /phpmyadmin/js/get_scripts.js.php?scripts[]=jquery/jquery-1.8.3.js&scripts[]=ajax.js&scripts[]=keyhandler.js&scripts[]=jquery/jquery-ui-1.9.2.custom.js&scripts[]=jquery/jquery.sprintf.js&scripts[]=jquery/jquery.cookie.js&scripts[]=jquery/jquery.mousewheel.js&scripts[]=jquery/jquery.event.drag-2.2.js&scripts[]=jquery/jquery-ui-timepicker-addon.js&scripts[]=jquery/jquery.ba-hashchange-1.3.js&scripts[]=jquery/jquery.debounce-1.0.5.js&scripts[]=jquery/jquery.menuResizer-1.0.js&scripts[]=rte.js&scripts[]=functions.js&scripts[]=navigation.js&scripts[]=indexes.js&scripts[]=common.js&scripts[]=codemirror/lib/codemirror.js&scripts[]=codemirror/mode/mysql/mysql.js HTTP/1.1" 200 578562
::1 - - [09/Nov/2025:10:42:34 -0300] "GET /phpmyadmin/phpmyadmin.css.php?server=1&token=bb81c3adc5bd467630908225c1fa6f91&nocache=4125195912ltr HTTP/1.1" 200 88608
::1 - - [09/Nov/2025:10:42:34 -0300] "GET /phpmyadmin/js/messages.php?lang=pt&db=&server=0&token=337b41fd0f392d174ef9cc68a0ba6215 HTTP/1.1" 200 18103
::1 - - [09/Nov/2025:10:42:34 -0300] "GET /phpmyadmin/js/get_image.js.php?theme=pmahomme HTTP/1.1" 200 6263
::1 - - [09/Nov/2025:10:42:39 -0300] "POST /phpmyadmin/index.php HTTP/1.1" 302 -
::1 - - [09/Nov/2025:10:42:39 -0300] "GET /phpmyadmin/index.php?token=bb81c3adc5bd467630908225c1fa6f91 HTTP/1.1" 200 49115
::1 - - [09/Nov/2025:10:42:39 -0300] "GET /phpmyadmin/js/messages.php?lang=pt&db=&server=0&token=bb81c3adc5bd467630908225c1fa6f91 HTTP/1.1" 200 18103
::1 - - [09/Nov/2025:10:42:39 -0300] "GET /phpmyadmin/phpmyadmin.css.php?server=1&token=bb81c3adc5bd467630908225c1fa6f91&nocache=5887891671ltr HTTP/1.1" 200 88608
::1 - - [09/Nov/2025:10:42:40 -0300] "GET /phpmyadmin/version_check.php?&_nocache=1762695760087792715 HTTP/1.1" 200 39
::1 - - [09/Nov/2025:11:26:28 -0300] "GET /phpmyadmin/index.php?db=db_manga_store&target=db_structure.php&token=b83f3a084277c39d2f36de91c0ca24ca HTTP/1.1" 200 8313
::1 - - [09/Nov/2025:11:26:28 -0300] "GET /phpmyadmin/phpmyadmin.css.php?server=1&token=bb81c3adc5bd467630908225c1fa6f91&nocache=4125195912ltr HTTP/1.1" 200 88608
::1 - - [09/Nov/2025:11:26:28 -0300] "GET /phpmyadmin/js/messages.php?lang=pt&db=db_manga_store&server=0&token=bb81c3adc5bd467630908225c1fa6f91 HTTP/1.1" 200 18103
::1 - - [09/Nov/2025:11:26:28 -0300] "GET /phpmyadmin/db_export.php?db=db_manga_store&table=&server=1&target=&token=b83f3a084277c39d2f36de91c0ca24ca HTTP/1.1" 200 8275
::1 - - [09/Nov/2025:11:26:28 -0300] "GET /phpmyadmin/js/messages.php?lang=pt&db=db_manga_store&token=bb81c3adc5bd467630908225c1fa6f91 HTTP/1.1" 200 18103
::1 - - [09/Nov/2025:11:26:30 -0300] "POST /phpmyadmin/index.php HTTP/1.1" 302 -
::1 - - [09/Nov/2025:11:26:30 -0300] "GET /phpmyadmin/index.php?db=db_manga_store&target=db_export.php&token=bb81c3adc5bd467630908225c1fa6f91 HTTP/1.1" 200 42815
::1 - - [09/Nov/2025:11:26:32 -0300] "GET /phpmyadmin/js/get_scripts.js.php?scripts[]=jquery/jquery-1.8.3.js&scripts[]=ajax.js&scripts[]=keyhandler.js&scripts[]=jquery/jquery-ui-1.9.2.custom.js&scripts[]=jquery/jquery.sprintf.js&scripts[]=jquery/jquery.cookie.js&scripts[]=jquery/jquery.mousewheel.js&scripts[]=jquery/jquery.event.drag-2.2.js&scripts[]=jquery/jquery-ui-timepicker-addon.js&scripts[]=jquery/jquery.ba-hashchange-1.3.js&scripts[]=jquery/jquery.debounce-1.0.5.js&scripts[]=jquery/jquery.menuResizer-1.0.js&scripts[]=rte.js&scripts[]=functions.js&scripts[]=navigation.js&scripts[]=indexes.js&scripts[]=common.js&scripts[]=export.js&scripts[]=codemirror/lib/codemirror.js&scripts[]=codemirror/mode/mysql/mysql.js HTTP/1.1" 200 584516
::1 - - [09/Nov/2025:11:26:32 -0300] "GET /phpmyadmin/phpmyadmin.css.php?server=1&token=bb81c3adc5bd467630908225c1fa6f91&nocache=5887891671ltr HTTP/1.1" 200 88608
::1 - - [09/Nov/2025:11:57:04 -0300] "GET /phpmyadmin/db_structure.php?server=1&db=db_manga_store&token=bb81c3adc5bd467630908225c1fa6f91&ajax_request=true&ajax_page_request=true&menuHashes=2d97f7af&_nocache=176270022401382626 HTTP/1.1" 200 325
::1 - - [09/Nov/2025:11:57:05 -0300] "GET /phpmyadmin/index.php?db=db_manga_store&target=db_export.php&token=bb81c3adc5bd467630908225c1fa6f91 HTTP/1.1" 200 8310
::1 - - [09/Nov/2025:11:57:05 -0300] "GET /phpmyadmin/js/get_scripts.js.php?scripts[]=jquery/jquery-1.8.3.js&scripts[]=ajax.js&scripts[]=keyhandler.js&scripts[]=jquery/jquery-ui-1.9.2.custom.js&scripts[]=jquery/jquery.sprintf.js&scripts[]=jquery/jquery.cookie.js&scripts[]=jquery/jquery.mousewheel.js&scripts[]=jquery/jquery.event.drag-2.2.js&scripts[]=jquery/jquery-ui-timepicker-addon.js&scripts[]=jquery/jquery.ba-hashchange-1.3.js&scripts[]=jquery/jquery.debounce-1.0.5.js&scripts[]=jquery/jquery.menuResizer-1.0.js&scripts[]=rte.js&scripts[]=functions.js&scripts[]=navigation.js&scripts[]=indexes.js&scripts[]=common.js&scripts[]=codemirror/lib/codemirror.js&scripts[]=codemirror/mode/mysql/mysql.js HTTP/1.1" 200 578562
::1 - - [09/Nov/2025:11:57:05 -0300] "GET /phpmyadmin/index.php?db=db_manga_store&table=&server=1&target=db_export.php&token=bb81c3adc5bd467630908225c1fa6f91 HTTP/1.1" 200 8275
::1 - - [09/Nov/2025:11:57:06 -0300] "POST /phpmyadmin/index.php HTTP/1.1" 302 -
::1 - - [09/Nov/2025:11:57:06 -0300] "GET /phpmyadmin/index.php?db=db_manga_store&target=db_export.php&token=bb81c3adc5bd467630908225c1fa6f91 HTTP/1.1" 200 42815
::1 - - [09/Nov/2025:11:57:08 -0300] "GET /phpmyadmin/db_structure.php?server=1&db=db_manga_store&token=bb81c3adc5bd467630908225c1fa6f91&ajax_request=true&ajax_page_request=true&menuHashes=2d97f7af&_nocache=1762700228110189629 HTTP/1.1" 200 21792
::1 - - [09/Nov/2025:11:57:08 -0300] "GET /phpmyadmin/js/get_scripts.js.php?scripts[]=db_structure.js&scripts[]=tbl_change.js HTTP/1.1" 200 12382
::1 - - [09/Nov/2025:11:57:10 -0300] "GET /phpmyadmin/navigation.php?ajax_request=1&token=bb81c3adc5bd467630908225c1fa6f91&aPath=cm9vdA%3D%3D.ZGJfbWFuZ2Ffc3RvcmU%3D&vPath=cm9vdA%3D%3D.ZGJfbWFuZ2Ffc3RvcmU%3D&pos=0&pos2_name=&pos2_value=&searchClause=&searchClause2=&_nocache=1762700230954346833 HTTP/1.1" 200 3838
::1 - - [09/Nov/2025:11:57:12 -0300] "GET /phpmyadmin/sql.php?server=1&db=db_manga_store&table=mangas&pos=0&token=bb81c3adc5bd467630908225c1fa6f91&ajax_request=true&ajax_page_request=true&menuHashes=2d97f7af-5ddd2d3d&_nocache=1762700232681101688 HTTP/1.1" 200 39169
::1 - - [09/Nov/2025:11:57:13 -0300] "GET /phpmyadmin/js/get_scripts.js.php?scripts[]=tbl_structure.js&scripts[]=gis_data_editor.js&scripts[]=makegrid.js&scripts[]=sql.js HTTP/1.1" 200 50287
::1 - - [09/Nov/2025:11:57:13 -0300] "GET /phpmyadmin/themes/pmahomme/img/col_pointer.png HTTP/1.1" 200 113
::1 - - [09/Nov/2025:11:57:13 -0300] "GET /phpmyadmin/themes/pmahomme/img/col_drop.png HTTP/1.1" 200 132
::1 - - [09/Nov/2025:11:57:13 -0300] "GET /phpmyadmin/index.php?ajax_request=1&recent_table=1&token=bb81c3adc5bd467630908225c1fa6f91 HTTP/1.1" 200 227
::1 - - [09/Nov/2025:12:22:58 -0300] "GET /phpmyadmin/index.php?db=db_manga_store&target=db_export.php&token=bb81c3adc5bd467630908225c1fa6f91 HTTP/1.1" 200 8310
::1 - - [09/Nov/2025:12:22:58 -0300] "GET /phpmyadmin/sql.php?db=db_manga_store&table=mangas&server=1&target=&token=bb81c3adc5bd467630908225c1fa6f91 HTTP/1.1" 200 8332
::1 - - [09/Nov/2025:12:23:00 -0300] "POST /phpmyadmin/index.php HTTP/1.1" 302 -
::1 - - [09/Nov/2025:12:23:00 -0300] "GET /phpmyadmin/index.php?db=db_manga_store&table=mangas&target=sql.php&token=bb81c3adc5bd467630908225c1fa6f91 HTTP/1.1" 200 49604
::1 - - [09/Nov/2025:12:23:00 -0300] "GET /phpmyadmin/js/get_scripts.js.php?scripts[]=jquery/jquery-1.8.3.js&scripts[]=ajax.js&scripts[]=keyhandler.js&scripts[]=jquery/jquery-ui-1.9.2.custom.js&scripts[]=jquery/jquery.sprintf.js&scripts[]=jquery/jquery.cookie.js&scripts[]=jquery/jquery.mousewheel.js&scripts[]=jquery/jquery.event.drag-2.2.js&scripts[]=jquery/jquery-ui-timepicker-addon.js&scripts[]=jquery/jquery.ba-hashchange-1.3.js&scripts[]=jquery/jquery.debounce-1.0.5.js&scripts[]=jquery/jquery.menuResizer-1.0.js&scripts[]=rte.js&scripts[]=functions.js&scripts[]=navigation.js&scripts[]=indexes.js&scripts[]=common.js&scripts[]=tbl_change.js&scripts[]=tbl_structure.js&scripts[]=gis_data_editor.js&scripts[]=makegrid.js&scripts[]=sql.js&scripts[]=codemirror/lib/codemirror.js&scripts[]=codemirror/mode/mysql/mysql.js HTTP/1.1" 200 635864
::1 - - [09/Nov/2025:12:23:00 -0300] "GET /phpmyadmin/index.php?ajax_request=1&recent_table=1&token=bb81c3adc5bd467630908225c1fa6f91 HTTP/1.1" 200 227
::1 - - [09/Nov/2025:12:23:04 -0300] "GET /phpmyadmin/navigation.php?ajax_request=1&token=bb81c3adc5bd467630908225c1fa6f91&aPath=cm9vdA%3D%3D.ZGJfbWFuZ2Ffc3RvcmU%3D&vPath=cm9vdA%3D%3D.ZGJfbWFuZ2Ffc3RvcmU%3D&pos=0&pos2_name=&pos2_value=&searchClause=&searchClause2=&_nocache=1762701784846833796 HTTP/1.1" 200 3838
::1 - - [09/Nov/2025:12:23:06 -0300] "GET /phpmyadmin/sql.php?server=1&db=db_manga_store&table=mangas&pos=0&token=bb81c3adc5bd467630908225c1fa6f91&ajax_request=true&ajax_page_request=true&menuHashes=873d4d24&_nocache=176270178605533874 HTTP/1.1" 200 42137
::1 - - [09/Nov/2025:12:23:06 -0300] "GET /phpmyadmin/index.php?ajax_request=1&recent_table=1&token=bb81c3adc5bd467630908225c1fa6f91 HTTP/1.1" 200 227
::1 - - [09/Nov/2025:12:23:09 -0300] "GET /phpmyadmin/sql.php?server=1&db=db_manga_store&table=mangas&pos=0&token=bb81c3adc5bd467630908225c1fa6f91&ajax_request=true&ajax_page_request=true&menuHashes=873d4d24-e01b01ca&_nocache=176270178963245549 HTTP/1.1" 200 38968
::1 - - [09/Nov/2025:12:23:09 -0300] "GET /phpmyadmin/index.php?ajax_request=1&recent_table=1&token=bb81c3adc5bd467630908225c1fa6f91 HTTP/1.1" 200 227
::1 - - [09/Nov/2025:12:23:10 -0300] "GET /phpmyadmin/sql.php?server=1&db=db_manga_store&table=vendas&pos=0&token=bb81c3adc5bd467630908225c1fa6f91&ajax_request=true&ajax_page_request=true&menuHashes=873d4d24-e01b01ca&_nocache=1762701790859803292 HTTP/1.1" 200 10442
::1 - - [09/Nov/2025:12:23:10 -0300] "GET /phpmyadmin/index.php?ajax_request=1&recent_table=1&token=bb81c3adc5bd467630908225c1fa6f91 HTTP/1.1" 200 361
::1 - - [09/Nov/2025:12:23:13 -0300] "GET /phpmyadmin/sql.php?server=1&db=db_manga_store&table=venda_itens&pos=0&token=bb81c3adc5bd467630908225c1fa6f91&ajax_request=true&ajax_page_request=true&menuHashes=873d4d24-e01b01ca-7fe306ed&_nocache=1762701793057194706 HTTP/1.1" 200 10642
::1 - - [09/Nov/2025:12:23:13 -0300] "GET /phpmyadmin/index.php?ajax_request=1&recent_table=1&token=bb81c3adc5bd467630908225c1fa6f91 HTTP/1.1" 200 505
::1 - - [09/Nov/2025:12:23:14 -0300] "GET /phpmyadmin/sql.php?server=1&db=db_manga_store&table=fornecedores&pos=0&token=bb81c3adc5bd467630908225c1fa6f91&ajax_request=true&ajax_page_request=true&menuHashes=873d4d24-e01b01ca-7fe306ed-265d5bc6&_nocache=1762701794299308915 HTTP/1.1" 200 25402
::1 - - [09/Nov/2025:12:23:14 -0300] "GET /phpmyadmin/index.php?ajax_request=1&recent_table=1&token=bb81c3adc5bd467630908225c1fa6f91 HTTP/1.1" 200 651
::1 - - [09/Nov/2025:12:23:17 -0300] "GET /phpmyadmin/sql.php?server=1&db=db_manga_store&table=mangas&pos=0&token=bb81c3adc5bd467630908225c1fa6f91&ajax_request=true&ajax_page_request=true&menuHashes=873d4d24-e01b01ca-7fe306ed-265d5bc6-c1eefcb8&_nocache=1762701797322464294 HTTP/1.1" 200 38968
::1 - - [09/Nov/2025:12:23:17 -0300] "GET /phpmyadmin/index.php?ajax_request=1&recent_table=1&token=bb81c3adc5bd467630908225c1fa6f91 HTTP/1.1" 200 651
::1 - - [09/Nov/2025:12:23:19 -0300] "GET /phpmyadmin/sql.php?server=1&db=db_manga_store&table=vendas&pos=0&token=bb81c3adc5bd467630908225c1fa6f91&ajax_request=true&ajax_page_request=true&menuHashes=873d4d24-e01b01ca-7fe306ed-265d5bc6-c1eefcb8&_nocache=1762701799132532006 HTTP/1.1" 200 7273
::1 - - [09/Nov/2025:12:23:19 -0300] "GET /phpmyadmin/index.php?ajax_request=1&recent_table=1&token=bb81c3adc5bd467630908225c1fa6f91 HTTP/1.1" 200 651
::1 - - [09/Nov/2025:12:23:19 -0300] "GET /phpmyadmin/sql.php?server=1&db=db_manga_store&table=venda_itens&pos=0&token=bb81c3adc5bd467630908225c1fa6f91&ajax_request=true&ajax_page_request=true&menuHashes=873d4d24-e01b01ca-7fe306ed-265d5bc6-c1eefcb8&_nocache=1762701799759356240 HTTP/1.1" 200 7418
::1 - - [09/Nov/2025:12:23:19 -0300] "GET /phpmyadmin/index.php?ajax_request=1&recent_table=1&token=bb81c3adc5bd467630908225c1fa6f91 HTTP/1.1" 200 651
::1 - - [09/Nov/2025:12:23:21 -0300] "GET /phpmyadmin/sql.php?server=1&db=db_manga_store&table=mangas&pos=0&token=bb81c3adc5bd467630908225c1fa6f91&ajax_request=true&ajax_page_request=true&menuHashes=873d4d24-e01b01ca-7fe306ed-265d5bc6-c1eefcb8&_nocache=1762701801047228726 HTTP/1.1" 200 38968
::1 - - [09/Nov/2025:12:23:21 -0300] "GET /phpmyadmin/index.php?ajax_request=1&recent_table=1&token=bb81c3adc5bd467630908225c1fa6f91 HTTP/1.1" 200 651
::1 - - [09/Nov/2025:14:44:20 -0300] "GET /phpmyadmin/index.php?db=db_manga_store&table=mangas&target=sql.php&token=bb81c3adc5bd467630908225c1fa6f91 HTTP/1.1" 200 8367
::1 - - [09/Nov/2025:14:44:20 -0300] "GET /phpmyadmin/js/get_scripts.js.php?scripts[]=jquery/jquery-1.8.3.js&scripts[]=ajax.js&scripts[]=keyhandler.js&scripts[]=jquery/jquery-ui-1.9.2.custom.js&scripts[]=jquery/jquery.sprintf.js&scripts[]=jquery/jquery.cookie.js&scripts[]=jquery/jquery.mousewheel.js&scripts[]=jquery/jquery.event.drag-2.2.js&scripts[]=jquery/jquery-ui-timepicker-addon.js&scripts[]=jquery/jquery.ba-hashchange-1.3.js&scripts[]=jquery/jquery.debounce-1.0.5.js&scripts[]=jquery/jquery.menuResizer-1.0.js&scripts[]=rte.js&scripts[]=functions.js&scripts[]=navigation.js&scripts[]=indexes.js&scripts[]=common.js&scripts[]=codemirror/lib/codemirror.js&scripts[]=codemirror/mode/mysql/mysql.js HTTP/1.1" 200 578562
::1 - - [09/Nov/2025:14:44:20 -0300] "GET /phpmyadmin/phpmyadmin.css.php?server=1&token=bb81c3adc5bd467630908225c1fa6f91&nocache=4125195912ltr HTTP/1.1" 200 88608
::1 - - [09/Nov/2025:14:44:20 -0300] "GET /phpmyadmin/js/get_image.js.php?theme=pmahomme HTTP/1.1" 200 6263
::1 - - [09/Nov/2025:14:44:20 -0300] "GET /phpmyadmin/js/messages.php?lang=pt&db=db_manga_store&server=0&token=bb81c3adc5bd467630908225c1fa6f91 HTTP/1.1" 200 18103
::1 - - [09/Nov/2025:14:44:20 -0300] "GET /phpmyadmin/sql.php?db=db_manga_store&table=mangas&server=1&target=&token=bb81c3adc5bd467630908225c1fa6f91 HTTP/1.1" 200 8332
::1 - - [09/Nov/2025:14:44:20 -0300] "GET /phpmyadmin/js/messages.php?lang=pt&db=db_manga_store&token=bb81c3adc5bd467630908225c1fa6f91 HTTP/1.1" 200 18103
::1 - - [09/Nov/2025:14:44:22 -0300] "POST /phpmyadmin/index.php HTTP/1.1" 302 -
::1 - - [09/Nov/2025:14:44:22 -0300] "GET /phpmyadmin/index.php?db=db_manga_store&table=mangas&target=sql.php&token=bb81c3adc5bd467630908225c1fa6f91 HTTP/1.1" 200 50023
::1 - - [09/Nov/2025:14:44:22 -0300] "GET /phpmyadmin/js/get_scripts.js.php?scripts[]=jquery/jquery-1.8.3.js&scripts[]=ajax.js&scripts[]=keyhandler.js&scripts[]=jquery/jquery-ui-1.9.2.custom.js&scripts[]=jquery/jquery.sprintf.js&scripts[]=jquery/jquery.cookie.js&scripts[]=jquery/jquery.mousewheel.js&scripts[]=jquery/jquery.event.drag-2.2.js&scripts[]=jquery/jquery-ui-timepicker-addon.js&scripts[]=jquery/jquery.ba-hashchange-1.3.js&scripts[]=jquery/jquery.debounce-1.0.5.js&scripts[]=jquery/jquery.menuResizer-1.0.js&scripts[]=rte.js&scripts[]=functions.js&scripts[]=navigation.js&scripts[]=indexes.js&scripts[]=common.js&scripts[]=tbl_change.js&scripts[]=tbl_structure.js&scripts[]=gis_data_editor.js&scripts[]=makegrid.js&scripts[]=sql.js&scripts[]=codemirror/lib/codemirror.js&scripts[]=codemirror/mode/mysql/mysql.js HTTP/1.1" 200 635864
::1 - - [09/Nov/2025:14:44:22 -0300] "GET /phpmyadmin/phpmyadmin.css.php?server=1&token=bb81c3adc5bd467630908225c1fa6f91&nocache=5887891671ltr HTTP/1.1" 200 88608
::1 - - [09/Nov/2025:14:44:22 -0300] "GET /phpmyadmin/index.php?ajax_request=1&recent_table=1&token=bb81c3adc5bd467630908225c1fa6f91 HTTP/1.1" 200 651
::1 - - [09/Nov/2025:14:44:24 -0300] "GET /phpmyadmin/navigation.php?ajax_request=1&token=bb81c3adc5bd467630908225c1fa6f91&aPath=cm9vdA%3D%3D.ZGJfbWFuZ2Ffc3RvcmU%3D&vPath=cm9vdA%3D%3D.ZGJfbWFuZ2Ffc3RvcmU%3D&pos=0&pos2_name=&pos2_value=&searchClause=&searchClause2=&_nocache=1762710264111715910 HTTP/1.1" 200 3838
::1 - - [09/Nov/2025:14:44:25 -0300] "GET /phpmyadmin/sql.php?server=1&db=db_manga_store&table=fornecedores&pos=0&token=bb81c3adc5bd467630908225c1fa6f91&ajax_request=true&ajax_page_request=true&menuHashes=873d4d24&_nocache=1762710265403623786 HTTP/1.1" 200 25402
::1 - - [09/Nov/2025:14:44:25 -0300] "GET /phpmyadmin/index.php?ajax_request=1&recent_table=1&token=bb81c3adc5bd467630908225c1fa6f91 HTTP/1.1" 200 651
::1 - - [09/Nov/2025:15:43:36 -0300] "GET /phpmyadmin/index.php?db=db_manga_store&table=mangas&target=sql.php&token=bb81c3adc5bd467630908225c1fa6f91 HTTP/1.1" 200 8367
::1 - - [09/Nov/2025:15:43:36 -0300] "GET /phpmyadmin/sql.php?db=db_manga_store&table=fornecedores&server=1&target=&token=bb81c3adc5bd467630908225c1fa6f91 HTTP/1.1" 200 8350
::1 - - [09/Nov/2025:15:43:38 -0300] "POST /phpmyadmin/index.php HTTP/1.1" 302 -
::1 - - [09/Nov/2025:15:43:38 -0300] "GET /phpmyadmin/index.php?db=db_manga_store&table=fornecedores&target=sql.php&token=bb81c3adc5bd467630908225c1fa6f91 HTTP/1.1" 200 34167
::1 - - [09/Nov/2025:15:43:39 -0300] "GET /phpmyadmin/index.php?ajax_request=1&recent_table=1&token=bb81c3adc5bd467630908225c1fa6f91 HTTP/1.1" 200 651
::1 - - [09/Nov/2025:15:43:40 -0300] "GET /phpmyadmin/db_structure.php?server=1&db=db_manga_store&token=bb81c3adc5bd467630908225c1fa6f91&ajax_request=true&ajax_page_request=true&menuHashes=88bf7753&_nocache=17627138201702121 HTTP/1.1" 200 21792
::1 - - [09/Nov/2025:15:43:40 -0300] "GET /phpmyadmin/js/get_scripts.js.php?scripts[]=db_structure.js HTTP/1.1" 200 5367
::1 - - [09/Nov/2025:15:44:10 -0300] "GET /phpmyadmin/db_sql.php?db=db_manga_store&token=bb81c3adc5bd467630908225c1fa6f91&db_query_force=1&ajax_request=true&ajax_page_request=true&menuHashes=88bf7753-5ddd2d3d&_nocache=1762713850598598256 HTTP/1.1" 200 7363
::1 - - [09/Nov/2025:15:44:24 -0300] "POST /phpmyadmin/import.php HTTP/1.1" 200 2975
::1 - - [09/Nov/2025:15:44:24 -0300] "POST /phpmyadmin/navigation.php?ajax_request=1&token=bb81c3adc5bd467630908225c1fa6f91 HTTP/1.1" 200 3248
::1 - - [09/Nov/2025:15:53:30 -0300] "GET /phpmyadmin/db_sql.php?db=db_manga_store&token=bb81c3adc5bd467630908225c1fa6f91&db_query_force=1&ajax_request=true&ajax_page_request=true&menuHashes=88bf7753-5ddd2d3d-4cacda95&_nocache=1762714410261998745 HTTP/1.1" 200 4039
::1 - - [09/Nov/2025:15:53:34 -0300] "POST /phpmyadmin/import.php HTTP/1.1" 200 2756
::1 - - [09/Nov/2025:15:53:38 -0300] "GET /phpmyadmin/db_sql.php?db=db_manga_store&token=bb81c3adc5bd467630908225c1fa6f91&db_query_force=1&ajax_request=true&ajax_page_request=true&menuHashes=88bf7753-5ddd2d3d-4cacda95&_nocache=176271441875116704 HTTP/1.1" 200 4039
::1 - - [09/Nov/2025:15:53:59 -0300] "POST /phpmyadmin/import.php HTTP/1.1" 200 350
::1 - - [09/Nov/2025:15:54:13 -0300] "POST /phpmyadmin/import.php HTTP/1.1" 200 350
::1 - - [09/Nov/2025:15:54:52 -0300] "POST /phpmyadmin/import.php HTTP/1.1" 200 350
::1 - - [09/Nov/2025:15:56:55 -0300] "POST /phpmyadmin/import.php HTTP/1.1" 200 345
::1 - - [09/Nov/2025:15:57:05 -0300] "POST /phpmyadmin/import.php HTTP/1.1" 200 345
::1 - - [09/Nov/2025:15:57:34 -0300] "POST /phpmyadmin/import.php HTTP/1.1" 200 345
::1 - - [09/Nov/2025:15:58:25 -0300] "POST /phpmyadmin/import.php HTTP/1.1" 200 1037
::1 - - [09/Nov/2025:15:58:44 -0300] "POST /phpmyadmin/import.php HTTP/1.1" 200 254
::1 - - [09/Nov/2025:15:59:51 -0300] "POST /phpmyadmin/import.php HTTP/1.1" 200 8022
::1 - - [09/Nov/2025:17:08:44 -0300] "GET /phpmyadmin/db_sql.php?db=db_manga_store&token=bb81c3adc5bd467630908225c1fa6f91&db_query_force=1&ajax_request=true&ajax_page_request=true&menuHashes=88bf7753-5ddd2d3d-4cacda95&_nocache=1762718924961938427 HTTP/1.1" 200 325
::1 - - [09/Nov/2025:17:08:46 -0300] "GET /phpmyadmin/index.php?db=db_manga_store&table=fornecedores&target=sql.php&token=bb81c3adc5bd467630908225c1fa6f91 HTTP/1.1" 200 8385
::1 - - [09/Nov/2025:17:08:46 -0300] "GET /phpmyadmin/js/get_scripts.js.php?scripts[]=jquery/jquery-1.8.3.js&scripts[]=ajax.js&scripts[]=keyhandler.js&scripts[]=jquery/jquery-ui-1.9.2.custom.js&scripts[]=jquery/jquery.sprintf.js&scripts[]=jquery/jquery.cookie.js&scripts[]=jquery/jquery.mousewheel.js&scripts[]=jquery/jquery.event.drag-2.2.js&scripts[]=jquery/jquery-ui-timepicker-addon.js&scripts[]=jquery/jquery.ba-hashchange-1.3.js&scripts[]=jquery/jquery.debounce-1.0.5.js&scripts[]=jquery/jquery.menuResizer-1.0.js&scripts[]=rte.js&scripts[]=functions.js&scripts[]=navigation.js&scripts[]=indexes.js&scripts[]=common.js&scripts[]=codemirror/lib/codemirror.js&scripts[]=codemirror/mode/mysql/mysql.js HTTP/1.1" 200 578562
::1 - - [09/Nov/2025:17:08:46 -0300] "GET /phpmyadmin/db_sql.php?db=db_manga_store&table=&server=1&target=&token=bb81c3adc5bd467630908225c1fa6f91 HTTP/1.1" 200 8272
::1 - - [09/Nov/2025:17:08:48 -0300] "POST /phpmyadmin/index.php HTTP/1.1" 302 -
::1 - - [09/Nov/2025:17:08:48 -0300] "GET /phpmyadmin/index.php?db=db_manga_store&target=db_sql.php&token=bb81c3adc5bd467630908225c1fa6f91 HTTP/1.1" 200 16475
::1 - - [09/Nov/2025:17:08:48 -0300] "GET /phpmyadmin/js/get_scripts.js.php?scripts[]=jquery/jquery-1.8.3.js&scripts[]=ajax.js&scripts[]=keyhandler.js&scripts[]=jquery/jquery-ui-1.9.2.custom.js&scripts[]=jquery/jquery.sprintf.js&scripts[]=jquery/jquery.cookie.js&scripts[]=jquery/jquery.mousewheel.js&scripts[]=jquery/jquery.event.drag-2.2.js&scripts[]=jquery/jquery-ui-timepicker-addon.js&scripts[]=jquery/jquery.ba-hashchange-1.3.js&scripts[]=jquery/jquery.debounce-1.0.5.js&scripts[]=jquery/jquery.menuResizer-1.0.js&scripts[]=rte.js&scripts[]=functions.js&scripts[]=navigation.js&scripts[]=indexes.js&scripts[]=common.js&scripts[]=makegrid.js&scripts[]=sql.js&scripts[]=codemirror/lib/codemirror.js&scripts[]=codemirror/mode/mysql/mysql.js HTTP/1.1" 200 613661
::1 - - [09/Nov/2025:17:08:55 -0300] "POST /phpmyadmin/import.php HTTP/1.1" 200 1923
::1 - - [09/Nov/2025:17:09:53 -0300] "GET /phpmyadmin/db_sql.php?db=db_manga_store&token=bb81c3adc5bd467630908225c1fa6f91&db_query_force=1&ajax_request=true&ajax_page_request=true&menuHashes=2d97f7af&_nocache=1762718993127817907 HTTP/1.1" 200 7363
::1 - - [09/Nov/2025:17:09:55 -0300] "POST /phpmyadmin/import.php HTTP/1.1" 200 2225
::1 - - [09/Nov/2025:17:10:45 -0300] "GET /phpmyadmin/db_sql.php?db=db_manga_store&token=bb81c3adc5bd467630908225c1fa6f91&db_query_force=1&ajax_request=true&ajax_page_request=true&menuHashes=2d97f7af-4cacda95&_nocache=1762719045241919116 HTTP/1.1" 200 4039
::1 - - [09/Nov/2025:17:11:02 -0300] "POST /phpmyadmin/import.php HTTP/1.1" 200 15944
::1 - - [09/Nov/2025:17:12:19 -0300] "GET /phpmyadmin/db_sql.php?db=db_manga_store&token=bb81c3adc5bd467630908225c1fa6f91&db_query_force=1&ajax_request=true&ajax_page_request=true&menuHashes=2d97f7af-4cacda95&_nocache=1762719139283110321 HTTP/1.1" 200 4039
::1 - - [09/Nov/2025:17:12:22 -0300] "POST /phpmyadmin/import.php HTTP/1.1" 200 1924
::1 - - [09/Nov/2025:17:13:03 -0300] "POST /phpmyadmin/import.php HTTP/1.1" 200 2450
::1 - - [09/Nov/2025:17:15:56 -0300] "POST /phpmyadmin/import.php HTTP/1.1" 200 2450
::1 - - [09/Nov/2025:17:16:56 -0300] "GET /phpmyadmin/db_structure.php?server=1&db=db_manga_store&token=bb81c3adc5bd467630908225c1fa6f91&ajax_request=true&ajax_page_request=true&menuHashes=2d97f7af-4cacda95&_nocache=1762719416593405405 HTTP/1.1" 200 21790
::1 - - [09/Nov/2025:17:16:56 -0300] "GET /phpmyadmin/js/get_scripts.js.php?scripts[]=db_structure.js&scripts[]=tbl_change.js HTTP/1.1" 200 12382
::1 - - [09/Nov/2025:17:16:57 -0300] "GET /phpmyadmin/navigation.php?ajax_request=1&token=bb81c3adc5bd467630908225c1fa6f91&aPath=cm9vdA%3D%3D.ZGJfbWFuZ2Ffc3RvcmU%3D&vPath=cm9vdA%3D%3D.ZGJfbWFuZ2Ffc3RvcmU%3D&pos=0&pos2_name=&pos2_value=&searchClause=&searchClause2=&_nocache=1762719417977615333 HTTP/1.1" 200 2843
::1 - - [09/Nov/2025:17:17:01 -0300] "GET /phpmyadmin/navigation.php?ajax_request=1&token=bb81c3adc5bd467630908225c1fa6f91&aPath=cm9vdA%3D%3D.ZGJfbWFuZ2Ffc3RvcmU%3D.cHJvY2VkdXJlcw%3D%3D&vPath=cm9vdA%3D%3D.ZGJfbWFuZ2Ffc3RvcmU%3D.UHJvY2VkdXJlcw%3D%3D&pos=0&pos2_name=procedures&pos2_value=0&searchClause=&searchClause2=&_nocache=1762719421289500320 HTTP/1.1" 200 1304
::1 - - [09/Nov/2025:17:17:04 -0300] "GET /phpmyadmin/navigation.php?ajax_request=1&token=bb81c3adc5bd467630908225c1fa6f91&aPath=cm9vdA%3D%3D.ZGJfbWFuZ2Ffc3RvcmU%3D.dGFibGVz&vPath=cm9vdA%3D%3D.ZGJfbWFuZ2Ffc3RvcmU%3D.VGFiZWxhcw%3D%3D&pos=0&pos2_name=tables&pos2_value=0&searchClause=&searchClause2=&_nocache=1762719424033731327 HTTP/1.1" 200 3838
::1 - - [09/Nov/2025:17:17:05 -0300] "GET /phpmyadmin/sql.php?server=1&db=db_manga_store&table=mangas&pos=0&token=bb81c3adc5bd467630908225c1fa6f91&ajax_request=true&ajax_page_request=true&menuHashes=2d97f7af-4cacda95-5ddd2d3d&_nocache=176271942546711341 HTTP/1.1" 200 115127
::1 - - [09/Nov/2025:17:17:05 -0300] "GET /phpmyadmin/js/get_scripts.js.php?scripts[]=tbl_structure.js&scripts[]=gis_data_editor.js HTTP/1.1" 200 15188
::1 - - [09/Nov/2025:17:17:05 -0300] "GET /phpmyadmin/index.php?ajax_request=1&recent_table=1&token=bb81c3adc5bd467630908225c1fa6f91 HTTP/1.1" 200 651
::1 - - [09/Nov/2025:17:17:13 -0300] "GET /phpmyadmin/tbl_sql.php?db=db_manga_store&table=mangas&token=bb81c3adc5bd467630908225c1fa6f91&ajax_request=true&ajax_page_request=true&menuHashes=2d97f7af-4cacda95-5ddd2d3d-e01b01ca&_nocache=1762719433984460703 HTTP/1.1" 200 8778
::1 - - [09/Nov/2025:17:17:14 -0300] "GET /phpmyadmin/index.php?ajax_request=1&recent_table=1&token=bb81c3adc5bd467630908225c1fa6f91 HTTP/1.1" 200 651
::1 - - [09/Nov/2025:17:18:17 -0300] "POST /phpmyadmin/import.php HTTP/1.1" 200 3066
::1 - - [09/Nov/2025:17:20:02 -0300] "GET /phpmyadmin/tbl_sql.php?db=db_manga_store&table=mangas&token=bb81c3adc5bd467630908225c1fa6f91&ajax_request=true&ajax_page_request=true&menuHashes=2d97f7af-4cacda95-5ddd2d3d-e01b01ca-6a32e07b&_nocache=1762719602523349812 HTTP/1.1" 200 5609
::1 - - [09/Nov/2025:17:20:02 -0300] "GET /phpmyadmin/index.php?ajax_request=1&recent_table=1&token=bb81c3adc5bd467630908225c1fa6f91 HTTP/1.1" 200 651
::1 - - [09/Nov/2025:17:20:37 -0300] "POST /phpmyadmin/import.php HTTP/1.1" 200 3991
::1 - - [09/Nov/2025:17:21:49 -0300] "POST /phpmyadmin/import.php HTTP/1.1" 200 3991
::1 - - [09/Nov/2025:17:23:05 -0300] "POST /phpmyadmin/import.php HTTP/1.1" 200 3991
::1 - - [09/Nov/2025:17:23:36 -0300] "GET /phpmyadmin/sql.php?server=1&db=db_manga_store&table=mangas&pos=0&token=bb81c3adc5bd467630908225c1fa6f91&ajax_request=true&ajax_page_request=true&menuHashes=2d97f7af-4cacda95-5ddd2d3d-e01b01ca-6a32e07b&_nocache=1762719816217395294 HTTP/1.1" 200 112084
::1 - - [09/Nov/2025:17:23:36 -0300] "GET /phpmyadmin/index.php?ajax_request=1&recent_table=1&token=bb81c3adc5bd467630908225c1fa6f91 HTTP/1.1" 200 651
::1 - - [09/Nov/2025:17:24:58 -0300] "POST /phpmyadmin/sql.php HTTP/1.1" 200 114577
::1 - - [09/Nov/2025:17:24:58 -0300] "GET /phpmyadmin/js/get_scripts.js.php?scripts[]=jqplot/jquery.jqplot.js&scripts[]=jqplot/plugins/jqplot.pieRenderer.js&scripts[]=canvg/canvg.js HTTP/1.1" 200 233970
::1 - - [09/Nov/2025:17:24:58 -0300] "GET /phpmyadmin/index.php?ajax_request=1&recent_table=1&token=bb81c3adc5bd467630908225c1fa6f91 HTTP/1.1" 200 651
::1 - - [09/Nov/2025:17:25:03 -0300] "GET /phpmyadmin/db_structure.php?server=1&db=db_manga_store&token=bb81c3adc5bd467630908225c1fa6f91&ajax_request=true&ajax_page_request=true&menuHashes=2d97f7af-4cacda95-5ddd2d3d-e01b01ca-6a32e07b&_nocache=1762719903607289819 HTTP/1.1" 200 18606
::1 - - [09/Nov/2025:17:25:09 -0300] "GET /phpmyadmin/sql.php?server=1&db=db_manga_store&table=fornecedores&pos=0&token=bb81c3adc5bd467630908225c1fa6f91&ajax_request=true&ajax_page_request=true&menuHashes=2d97f7af-4cacda95-5ddd2d3d-e01b01ca-6a32e07b&_nocache=176271990996985589 HTTP/1.1" 200 33161
::1 - - [09/Nov/2025:17:25:10 -0300] "GET /phpmyadmin/index.php?ajax_request=1&recent_table=1&token=bb81c3adc5bd467630908225c1fa6f91 HTTP/1.1" 200 651
::1 - - [09/Nov/2025:17:25:11 -0300] "GET /phpmyadmin/sql.php?server=1&db=db_manga_store&table=mangas&pos=0&token=bb81c3adc5bd467630908225c1fa6f91&ajax_request=true&ajax_page_request=true&menuHashes=2d97f7af-4cacda95-5ddd2d3d-e01b01ca-6a32e07b-c1eefcb8&_nocache=1762719911121810009 HTTP/1.1" 200 114615
::1 - - [09/Nov/2025:17:25:11 -0300] "GET /phpmyadmin/index.php?ajax_request=1&recent_table=1&token=bb81c3adc5bd467630908225c1fa6f91 HTTP/1.1" 200 651
::1 - - [09/Nov/2025:17:25:13 -0300] "POST /phpmyadmin/sql.php HTTP/1.1" 200 112046
::1 - - [09/Nov/2025:17:25:14 -0300] "GET /phpmyadmin/index.php?ajax_request=1&recent_table=1&token=bb81c3adc5bd467630908225c1fa6f91 HTTP/1.1" 200 651
::1 - - [09/Nov/2025:17:25:24 -0300] "POST /phpmyadmin/sql.php HTTP/1.1" 200 437692
::1 - - [09/Nov/2025:17:25:25 -0300] "GET /phpmyadmin/index.php?ajax_request=1&recent_table=1&token=bb81c3adc5bd467630908225c1fa6f91 HTTP/1.1" 200 651
::1 - - [09/Nov/2025:17:25:37 -0300] "GET /phpmyadmin/tbl_sql.php?db=db_manga_store&table=mangas&token=bb81c3adc5bd467630908225c1fa6f91&ajax_request=true&ajax_page_request=true&menuHashes=2d97f7af-4cacda95-5ddd2d3d-e01b01ca-6a32e07b-c1eefcb8&_nocache=1762719937893335481 HTTP/1.1" 200 5609
::1 - - [09/Nov/2025:17:25:38 -0300] "GET /phpmyadmin/index.php?ajax_request=1&recent_table=1&token=bb81c3adc5bd467630908225c1fa6f91 HTTP/1.1" 200 651
::1 - - [09/Nov/2025:17:25:50 -0300] "GET /phpmyadmin/db_structure.php?server=1&db=db_manga_store&token=bb81c3adc5bd467630908225c1fa6f91&ajax_request=true&ajax_page_request=true&menuHashes=2d97f7af-4cacda95-5ddd2d3d-e01b01ca-6a32e07b-c1eefcb8&_nocache=1762719950115402700 HTTP/1.1" 200 18466
::1 - - [09/Nov/2025:17:25:52 -0300] "GET /phpmyadmin/db_sql.php?db=db_manga_store&token=bb81c3adc5bd467630908225c1fa6f91&db_query_force=1&ajax_request=true&ajax_page_request=true&menuHashes=2d97f7af-4cacda95-5ddd2d3d-e01b01ca-6a32e07b-c1eefcb8&_nocache=1762719952196775934 HTTP/1.1" 200 4039
::1 - - [09/Nov/2025:17:26:03 -0300] "POST /phpmyadmin/import.php HTTP/1.1" 200 2450
::1 - - [09/Nov/2025:17:26:07 -0300] "POST /phpmyadmin/import.php HTTP/1.1" 200 2450
::1 - - [09/Nov/2025:17:26:08 -0300] "POST /phpmyadmin/import.php HTTP/1.1" 200 2450
::1 - - [09/Nov/2025:17:26:08 -0300] "POST /phpmyadmin/import.php HTTP/1.1" 200 2450
::1 - - [09/Nov/2025:17:27:32 -0300] "POST /phpmyadmin/import.php HTTP/1.1" 200 2450
::1 - - [09/Nov/2025:17:27:33 -0300] "POST /phpmyadmin/import.php HTTP/1.1" 200 2450
::1 - - [09/Nov/2025:17:27:33 -0300] "POST /phpmyadmin/import.php HTTP/1.1" 200 2450
::1 - - [09/Nov/2025:17:27:33 -0300] "POST /phpmyadmin/import.php HTTP/1.1" 200 2450
::1 - - [09/Nov/2025:17:28:02 -0300] "POST /phpmyadmin/import.php HTTP/1.1" 200 2450
::1 - - [09/Nov/2025:17:28:04 -0300] "POST /phpmyadmin/import.php HTTP/1.1" 200 2450
::1 - - [09/Nov/2025:17:28:24 -0300] "POST /phpmyadmin/import.php HTTP/1.1" 200 2450
::1 - - [09/Nov/2025:17:28:24 -0300] "POST /phpmyadmin/import.php HTTP/1.1" 200 2450
::1 - - [09/Nov/2025:17:28:25 -0300] "POST /phpmyadmin/import.php HTTP/1.1" 200 2450
::1 - - [09/Nov/2025:17:28:25 -0300] "POST /phpmyadmin/import.php HTTP/1.1" 200 2450
::1 - - [09/Nov/2025:17:28:39 -0300] "POST /phpmyadmin/import.php HTTP/1.1" 200 2450
::1 - - [09/Nov/2025:17:28:40 -0300] "POST /phpmyadmin/import.php HTTP/1.1" 200 2450
::1 - - [09/Nov/2025:17:28:41 -0300] "POST /phpmyadmin/import.php HTTP/1.1" 200 2450
::1 - - [09/Nov/2025:17:28:41 -0300] "POST /phpmyadmin/import.php HTTP/1.1" 200 2450
::1 - - [09/Nov/2025:17:28:41 -0300] "POST /phpmyadmin/import.php HTTP/1.1" 200 2450
::1 - - [09/Nov/2025:17:28:41 -0300] "POST /phpmyadmin/import.php HTTP/1.1" 200 2450
::1 - - [09/Nov/2025:17:28:42 -0300] "POST /phpmyadmin/import.php HTTP/1.1" 200 2450
::1 - - [09/Nov/2025:17:28:42 -0300] "POST /phpmyadmin/import.php HTTP/1.1" 200 2450
::1 - - [09/Nov/2025:17:29:11 -0300] "GET /phpmyadmin/sql.php?server=1&db=db_manga_store&table=mangas&pos=0&token=bb81c3adc5bd467630908225c1fa6f91&ajax_request=true&ajax_page_request=true&menuHashes=2d97f7af-4cacda95-5ddd2d3d-e01b01ca-6a32e07b-c1eefcb8&_nocache=1762720151916442724 HTTP/1.1" 200 483209
::1 - - [09/Nov/2025:17:29:12 -0300] "GET /phpmyadmin/index.php?ajax_request=1&recent_table=1&token=bb81c3adc5bd467630908225c1fa6f91 HTTP/1.1" 200 651
::1 - - [09/Nov/2025:17:29:22 -0300] "GET /phpmyadmin/db_routines.php?server=1&db=db_manga_store&item_name=sp_AdicionarOnePiece&item_type=PROCEDURE&edit_item=1&token=bb81c3adc5bd467630908225c1fa6f91&ajax_request=true&_nocache=1762720162556688742 HTTP/1.1" 200 25150
::1 - - [09/Nov/2025:17:29:22 -0300] "GET /phpmyadmin/themes/pmahomme/jquery/images/ui-bg_flat_75_ffffff_40x100.png HTTP/1.1" 200 178
::1 - - [09/Nov/2025:17:29:22 -0300] "GET /phpmyadmin/themes/pmahomme/jquery/images/ui-bg_highlight-soft_75_cccccc_1x100.png HTTP/1.1" 200 101
::1 - - [09/Nov/2025:17:29:22 -0300] "GET /phpmyadmin/themes/pmahomme/jquery/images/ui-icons_222222_256x240.png HTTP/1.1" 200 4369
::1 - - [09/Nov/2025:17:29:22 -0300] "GET /phpmyadmin/themes/pmahomme/jquery/images/ui-bg_glass_75_e6e6e6_1x400.png HTTP/1.1" 200 110
::1 - - [09/Nov/2025:17:29:22 -0300] "GET /phpmyadmin/themes/pmahomme/jquery/images/ui-bg_flat_0_aaaaaa_40x100.png HTTP/1.1" 200 180
::1 - - [09/Nov/2025:17:29:25 -0300] "GET /phpmyadmin/themes/pmahomme/jquery/images/ui-bg_glass_75_dadada_1x400.png HTTP/1.1" 200 159
::1 - - [09/Nov/2025:17:29:25 -0300] "GET /phpmyadmin/themes/pmahomme/jquery/images/ui-icons_454545_256x240.png HTTP/1.1" 200 4369
::1 - - [09/Nov/2025:17:29:28 -0300] "GET /phpmyadmin/db_structure.php?server=1&db=db_manga_store&token=bb81c3adc5bd467630908225c1fa6f91&ajax_request=true&ajax_page_request=true&menuHashes=2d97f7af-4cacda95-5ddd2d3d-e01b01ca-6a32e07b-c1eefcb8&_nocache=1762720168329853018 HTTP/1.1" 200 18466
::1 - - [09/Nov/2025:17:29:29 -0300] "GET /phpmyadmin/db_structure.php?server=1&db=db_manga_store&token=bb81c3adc5bd467630908225c1fa6f91&ajax_request=true&ajax_page_request=true&menuHashes=2d97f7af-4cacda95-5ddd2d3d-e01b01ca-6a32e07b-c1eefcb8&_nocache=1762720169536859886 HTTP/1.1" 200 18466
::1 - - [09/Nov/2025:17:29:30 -0300] "GET /phpmyadmin/db_structure.php?server=1&db=db_manga_store&token=bb81c3adc5bd467630908225c1fa6f91&ajax_request=true&ajax_page_request=true&menuHashes=2d97f7af-4cacda95-5ddd2d3d-e01b01ca-6a32e07b-c1eefcb8&_nocache=1762720170132412324 HTTP/1.1" 200 18466
::1 - - [09/Nov/2025:17:29:31 -0300] "GET /phpmyadmin/db_sql.php?db=db_manga_store&token=bb81c3adc5bd467630908225c1fa6f91&db_query_force=1&ajax_request=true&ajax_page_request=true&menuHashes=2d97f7af-4cacda95-5ddd2d3d-e01b01ca-6a32e07b-c1eefcb8&_nocache=1762720171185207393 HTTP/1.1" 200 4039
::1 - - [09/Nov/2025:17:29:38 -0300] "POST /phpmyadmin/import.php HTTP/1.1" 200 2450
::1 - - [09/Nov/2025:17:29:41 -0300] "POST /phpmyadmin/import.php HTTP/1.1" 200 2450
::1 - - [09/Nov/2025:17:29:42 -0300] "POST /phpmyadmin/import.php HTTP/1.1" 200 2450
::1 - - [09/Nov/2025:17:29:42 -0300] "POST /phpmyadmin/import.php HTTP/1.1" 200 2450
::1 - - [09/Nov/2025:17:29:42 -0300] "POST /phpmyadmin/import.php HTTP/1.1" 200 2450
::1 - - [09/Nov/2025:17:29:42 -0300] "POST /phpmyadmin/import.php HTTP/1.1" 200 2450
::1 - - [09/Nov/2025:17:30:02 -0300] "GET /phpmyadmin/sql.php?server=1&db=db_manga_store&table=fornecedores&pos=0&token=bb81c3adc5bd467630908225c1fa6f91&ajax_request=true&ajax_page_request=true&menuHashes=2d97f7af-4cacda95-5ddd2d3d-e01b01ca-6a32e07b-c1eefcb8&_nocache=176272020285153608 HTTP/1.1" 200 27396
::1 - - [09/Nov/2025:17:30:02 -0300] "GET /phpmyadmin/index.php?ajax_request=1&recent_table=1&token=bb81c3adc5bd467630908225c1fa6f91 HTTP/1.1" 200 651
::1 - - [09/Nov/2025:17:30:04 -0300] "GET /phpmyadmin/db_structure.php?server=1&db=db_manga_store&token=bb81c3adc5bd467630908225c1fa6f91&ajax_request=true&ajax_page_request=true&menuHashes=2d97f7af-4cacda95-5ddd2d3d-e01b01ca-6a32e07b-c1eefcb8&_nocache=1762720204223710189 HTTP/1.1" 200 18466
::1 - - [09/Nov/2025:17:30:06 -0300] "GET /phpmyadmin/db_sql.php?db=db_manga_store&token=bb81c3adc5bd467630908225c1fa6f91&db_query_force=1&ajax_request=true&ajax_page_request=true&menuHashes=2d97f7af-4cacda95-5ddd2d3d-e01b01ca-6a32e07b-c1eefcb8&_nocache=1762720206072593940 HTTP/1.1" 200 4039
::1 - - [09/Nov/2025:17:30:44 -0300] "POST /phpmyadmin/import.php HTTP/1.1" 200 2450
::1 - - [09/Nov/2025:17:30:46 -0300] "POST /phpmyadmin/import.php HTTP/1.1" 200 2450
::1 - - [09/Nov/2025:17:30:48 -0300] "GET /phpmyadmin/sql.php?server=1&db=db_manga_store&table=fornecedores&pos=0&token=bb81c3adc5bd467630908225c1fa6f91&ajax_request=true&ajax_page_request=true&menuHashes=2d97f7af-4cacda95-5ddd2d3d-e01b01ca-6a32e07b-c1eefcb8&_nocache=1762720248843648183 HTTP/1.1" 200 27396
::1 - - [09/Nov/2025:17:30:48 -0300] "GET /phpmyadmin/index.php?ajax_request=1&recent_table=1&token=bb81c3adc5bd467630908225c1fa6f91 HTTP/1.1" 200 651
::1 - - [09/Nov/2025:17:30:49 -0300] "GET /phpmyadmin/db_structure.php?server=1&db=db_manga_store&token=bb81c3adc5bd467630908225c1fa6f91&ajax_request=true&ajax_page_request=true&menuHashes=2d97f7af-4cacda95-5ddd2d3d-e01b01ca-6a32e07b-c1eefcb8&_nocache=1762720249645410998 HTTP/1.1" 200 18466
::1 - - [09/Nov/2025:17:32:00 -0300] "GET /phpmyadmin/db_structure.php?server=1&db=db_manga_store&token=bb81c3adc5bd467630908225c1fa6f91&ajax_request=true&ajax_page_request=true&menuHashes=2d97f7af-4cacda95-5ddd2d3d-e01b01ca-6a32e07b-c1eefcb8&_nocache=1762720320784610517 HTTP/1.1" 200 18466
::1 - - [09/Nov/2025:17:32:02 -0300] "GET /phpmyadmin/db_sql.php?db=db_manga_store&token=bb81c3adc5bd467630908225c1fa6f91&db_query_force=1&ajax_request=true&ajax_page_request=true&menuHashes=2d97f7af-4cacda95-5ddd2d3d-e01b01ca-6a32e07b-c1eefcb8&_nocache=1762720322234520364 HTTP/1.1" 200 4039
::1 - - [09/Nov/2025:17:32:25 -0300] "POST /phpmyadmin/import.php HTTP/1.1" 200 2450
::1 - - [09/Nov/2025:17:32:26 -0300] "POST /phpmyadmin/import.php HTTP/1.1" 200 2450
::1 - - [09/Nov/2025:17:33:46 -0300] "GET /phpmyadmin/sql.php?server=1&db=db_manga_store&table=fornecedores&pos=0&token=bb81c3adc5bd467630908225c1fa6f91&ajax_request=true&ajax_page_request=true&menuHashes=2d97f7af-4cacda95-5ddd2d3d-e01b01ca-6a32e07b-c1eefcb8&_nocache=1762720426937170795 HTTP/1.1" 200 27396
::1 - - [09/Nov/2025:17:33:47 -0300] "GET /phpmyadmin/index.php?ajax_request=1&recent_table=1&token=bb81c3adc5bd467630908225c1fa6f91 HTTP/1.1" 200 651
::1 - - [09/Nov/2025:17:33:47 -0300] "GET /phpmyadmin/db_structure.php?server=1&db=db_manga_store&token=bb81c3adc5bd467630908225c1fa6f91&ajax_request=true&ajax_page_request=true&menuHashes=2d97f7af-4cacda95-5ddd2d3d-e01b01ca-6a32e07b-c1eefcb8&_nocache=1762720427820167292 HTTP/1.1" 200 18466
::1 - - [09/Nov/2025:17:33:48 -0300] "GET /phpmyadmin/db_sql.php?db=db_manga_store&token=bb81c3adc5bd467630908225c1fa6f91&db_query_force=1&ajax_request=true&ajax_page_request=true&menuHashes=2d97f7af-4cacda95-5ddd2d3d-e01b01ca-6a32e07b-c1eefcb8&_nocache=1762720428976242357 HTTP/1.1" 200 4039
::1 - - [09/Nov/2025:17:33:51 -0300] "POST /phpmyadmin/import.php HTTP/1.1" 200 2450
::1 - - [09/Nov/2025:17:33:52 -0300] "POST /phpmyadmin/import.php HTTP/1.1" 200 2450
::1 - - [09/Nov/2025:17:34:57 -0300] "GET /phpmyadmin/sql.php?server=1&db=db_manga_store&table=fornecedores&pos=0&token=bb81c3adc5bd467630908225c1fa6f91&ajax_request=true&ajax_page_request=true&menuHashes=2d97f7af-4cacda95-5ddd2d3d-e01b01ca-6a32e07b-c1eefcb8&_nocache=1762720497141167192 HTTP/1.1" 200 27396
::1 - - [09/Nov/2025:17:34:57 -0300] "GET /phpmyadmin/index.php?ajax_request=1&recent_table=1&token=bb81c3adc5bd467630908225c1fa6f91 HTTP/1.1" 200 651
::1 - - [09/Nov/2025:17:34:58 -0300] "GET /phpmyadmin/db_structure.php?server=1&db=db_manga_store&token=bb81c3adc5bd467630908225c1fa6f91&ajax_request=true&ajax_page_request=true&menuHashes=2d97f7af-4cacda95-5ddd2d3d-e01b01ca-6a32e07b-c1eefcb8&_nocache=1762720498393198606 HTTP/1.1" 200 18466
::1 - - [09/Nov/2025:17:35:00 -0300] "GET /phpmyadmin/db_sql.php?db=db_manga_store&token=bb81c3adc5bd467630908225c1fa6f91&db_query_force=1&ajax_request=true&ajax_page_request=true&menuHashes=2d97f7af-4cacda95-5ddd2d3d-e01b01ca-6a32e07b-c1eefcb8&_nocache=1762720500126296442 HTTP/1.1" 200 4039
::1 - - [09/Nov/2025:17:35:17 -0300] "POST /phpmyadmin/import.php HTTP/1.1" 200 2450
::1 - - [09/Nov/2025:17:35:18 -0300] "POST /phpmyadmin/import.php HTTP/1.1" 200 2450
::1 - - [09/Nov/2025:17:35:53 -0300] "GET /phpmyadmin/sql.php?server=1&db=db_manga_store&table=fornecedores&pos=0&token=bb81c3adc5bd467630908225c1fa6f91&ajax_request=true&ajax_page_request=true&menuHashes=2d97f7af-4cacda95-5ddd2d3d-e01b01ca-6a32e07b-c1eefcb8&_nocache=1762720553139419402 HTTP/1.1" 200 27396
::1 - - [09/Nov/2025:17:35:53 -0300] "GET /phpmyadmin/index.php?ajax_request=1&recent_table=1&token=bb81c3adc5bd467630908225c1fa6f91 HTTP/1.1" 200 651
::1 - - [09/Nov/2025:17:35:54 -0300] "GET /phpmyadmin/db_structure.php?server=1&db=db_manga_store&token=bb81c3adc5bd467630908225c1fa6f91&ajax_request=true&ajax_page_request=true&menuHashes=2d97f7af-4cacda95-5ddd2d3d-e01b01ca-6a32e07b-c1eefcb8&_nocache=1762720554128143489 HTTP/1.1" 200 18466
::1 - - [09/Nov/2025:17:35:55 -0300] "GET /phpmyadmin/db_sql.php?db=db_manga_store&token=bb81c3adc5bd467630908225c1fa6f91&db_query_force=1&ajax_request=true&ajax_page_request=true&menuHashes=2d97f7af-4cacda95-5ddd2d3d-e01b01ca-6a32e07b-c1eefcb8&_nocache=1762720555536572786 HTTP/1.1" 200 4039
::1 - - [09/Nov/2025:17:35:57 -0300] "POST /phpmyadmin/import.php HTTP/1.1" 200 2450
::1 - - [09/Nov/2025:17:35:59 -0300] "POST /phpmyadmin/import.php HTTP/1.1" 200 2450
::1 - - [09/Nov/2025:17:36:48 -0300] "POST /phpmyadmin/import.php HTTP/1.1" 200 2450
::1 - - [09/Nov/2025:17:36:51 -0300] "GET /phpmyadmin/sql.php?server=1&db=db_manga_store&table=fornecedores&pos=0&token=bb81c3adc5bd467630908225c1fa6f91&ajax_request=true&ajax_page_request=true&menuHashes=2d97f7af-4cacda95-5ddd2d3d-e01b01ca-6a32e07b-c1eefcb8&_nocache=1762720611081678293 HTTP/1.1" 200 27396
::1 - - [09/Nov/2025:17:36:51 -0300] "GET /phpmyadmin/index.php?ajax_request=1&recent_table=1&token=bb81c3adc5bd467630908225c1fa6f91 HTTP/1.1" 200 651
::1 - - [09/Nov/2025:17:36:55 -0300] "GET /phpmyadmin/db_structure.php?server=1&db=db_manga_store&token=bb81c3adc5bd467630908225c1fa6f91&ajax_request=true&ajax_page_request=true&menuHashes=2d97f7af-4cacda95-5ddd2d3d-e01b01ca-6a32e07b-c1eefcb8&_nocache=1762720615378761975 HTTP/1.1" 200 18466
::1 - - [09/Nov/2025:17:36:56 -0300] "GET /phpmyadmin/db_sql.php?db=db_manga_store&token=bb81c3adc5bd467630908225c1fa6f91&db_query_force=1&ajax_request=true&ajax_page_request=true&menuHashes=2d97f7af-4cacda95-5ddd2d3d-e01b01ca-6a32e07b-c1eefcb8&_nocache=1762720616694767828 HTTP/1.1" 200 4039
::1 - - [09/Nov/2025:17:36:58 -0300] "POST /phpmyadmin/import.php HTTP/1.1" 200 2450
::1 - - [09/Nov/2025:17:37:00 -0300] "GET /phpmyadmin/sql.php?server=1&db=db_manga_store&table=fornecedores&pos=0&token=bb81c3adc5bd467630908225c1fa6f91&ajax_request=true&ajax_page_request=true&menuHashes=2d97f7af-4cacda95-5ddd2d3d-e01b01ca-6a32e07b-c1eefcb8&_nocache=1762720620332676915 HTTP/1.1" 200 27396
::1 - - [09/Nov/2025:17:37:00 -0300] "GET /phpmyadmin/index.php?ajax_request=1&recent_table=1&token=bb81c3adc5bd467630908225c1fa6f91 HTTP/1.1" 200 651
::1 - - [09/Nov/2025:17:37:01 -0300] "GET /phpmyadmin/db_structure.php?server=1&db=db_manga_store&token=bb81c3adc5bd467630908225c1fa6f91&ajax_request=true&ajax_page_request=true&menuHashes=2d97f7af-4cacda95-5ddd2d3d-e01b01ca-6a32e07b-c1eefcb8&_nocache=1762720621580946784 HTTP/1.1" 200 18466
::1 - - [09/Nov/2025:17:37:02 -0300] "GET /phpmyadmin/db_sql.php?db=db_manga_store&token=bb81c3adc5bd467630908225c1fa6f91&db_query_force=1&ajax_request=true&ajax_page_request=true&menuHashes=2d97f7af-4cacda95-5ddd2d3d-e01b01ca-6a32e07b-c1eefcb8&_nocache=1762720622694579357 HTTP/1.1" 200 4039
::1 - - [09/Nov/2025:17:37:41 -0300] "POST /phpmyadmin/import.php HTTP/1.1" 200 2450
::1 - - [09/Nov/2025:17:37:43 -0300] "GET /phpmyadmin/sql.php?server=1&db=db_manga_store&table=mangas&pos=0&token=bb81c3adc5bd467630908225c1fa6f91&ajax_request=true&ajax_page_request=true&menuHashes=2d97f7af-4cacda95-5ddd2d3d-e01b01ca-6a32e07b-c1eefcb8&_nocache=1762720663573677041 HTTP/1.1" 200 1348181
::1 - - [09/Nov/2025:17:37:44 -0300] "GET /phpmyadmin/index.php?ajax_request=1&recent_table=1&token=bb81c3adc5bd467630908225c1fa6f91 HTTP/1.1" 200 651
::1 - - [09/Nov/2025:17:37:45 -0300] "GET /phpmyadmin/db_structure.php?server=1&db=db_manga_store&token=bb81c3adc5bd467630908225c1fa6f91&ajax_request=true&ajax_page_request=true&menuHashes=2d97f7af-4cacda95-5ddd2d3d-e01b01ca-6a32e07b-c1eefcb8&_nocache=1762720665939746125 HTTP/1.1" 200 18466
::1 - - [09/Nov/2025:17:37:47 -0300] "GET /phpmyadmin/db_sql.php?db=db_manga_store&token=bb81c3adc5bd467630908225c1fa6f91&db_query_force=1&ajax_request=true&ajax_page_request=true&menuHashes=2d97f7af-4cacda95-5ddd2d3d-e01b01ca-6a32e07b-c1eefcb8&_nocache=1762720667731148867 HTTP/1.1" 200 4039
::1 - - [09/Nov/2025:17:39:03 -0300] "POST /phpmyadmin/import.php HTTP/1.1" 200 2450
::1 - - [09/Nov/2025:17:39:04 -0300] "GET /phpmyadmin/sql.php?server=1&db=db_manga_store&table=vendas&pos=0&token=bb81c3adc5bd467630908225c1fa6f91&ajax_request=true&ajax_page_request=true&menuHashes=2d97f7af-4cacda95-5ddd2d3d-e01b01ca-6a32e07b-c1eefcb8&_nocache=1762720744937218119 HTTP/1.1" 200 24343
::1 - - [09/Nov/2025:17:39:05 -0300] "GET /phpmyadmin/index.php?ajax_request=1&recent_table=1&token=bb81c3adc5bd467630908225c1fa6f91 HTTP/1.1" 200 651
::1 - - [09/Nov/2025:17:39:06 -0300] "GET /phpmyadmin/db_structure.php?server=1&db=db_manga_store&token=bb81c3adc5bd467630908225c1fa6f91&ajax_request=true&ajax_page_request=true&menuHashes=2d97f7af-4cacda95-5ddd2d3d-e01b01ca-6a32e07b-c1eefcb8-7fe306ed&_nocache=176272074625310377 HTTP/1.1" 200 18466
::1 - - [09/Nov/2025:17:39:07 -0300] "GET /phpmyadmin/db_sql.php?db=db_manga_store&token=bb81c3adc5bd467630908225c1fa6f91&db_query_force=1&ajax_request=true&ajax_page_request=true&menuHashes=2d97f7af-4cacda95-5ddd2d3d-e01b01ca-6a32e07b-c1eefcb8-7fe306ed&_nocache=1762720747318452274 HTTP/1.1" 200 4039
::1 - - [09/Nov/2025:17:39:48 -0300] "POST /phpmyadmin/import.php HTTP/1.1" 200 2450
::1 - - [09/Nov/2025:17:39:49 -0300] "GET /phpmyadmin/sql.php?server=1&db=db_manga_store&table=mangas&pos=0&token=bb81c3adc5bd467630908225c1fa6f91&ajax_request=true&ajax_page_request=true&menuHashes=2d97f7af-4cacda95-5ddd2d3d-e01b01ca-6a32e07b-c1eefcb8-7fe306ed&_nocache=1762720789867149517 HTTP/1.1" 200 1557409
::1 - - [09/Nov/2025:17:39:50 -0300] "GET /phpmyadmin/index.php?ajax_request=1&recent_table=1&token=bb81c3adc5bd467630908225c1fa6f91 HTTP/1.1" 200 651
::1 - - [09/Nov/2025:17:39:53 -0300] "GET /phpmyadmin/db_structure.php?server=1&db=db_manga_store&token=bb81c3adc5bd467630908225c1fa6f91&ajax_request=true&ajax_page_request=true&menuHashes=2d97f7af-4cacda95-5ddd2d3d-e01b01ca-6a32e07b-c1eefcb8-7fe306ed&_nocache=1762720793617196206 HTTP/1.1" 200 18466
::1 - - [09/Nov/2025:17:40:41 -0300] "GET /phpmyadmin/db_structure.php?server=1&db=db_manga_store&token=bb81c3adc5bd467630908225c1fa6f91&ajax_request=true&ajax_page_request=true&menuHashes=2d97f7af-4cacda95-5ddd2d3d-e01b01ca-6a32e07b-c1eefcb8-7fe306ed&_nocache=1762720841029447591 HTTP/1.1" 200 18466
::1 - - [09/Nov/2025:17:40:42 -0300] "GET /phpmyadmin/db_sql.php?db=db_manga_store&token=bb81c3adc5bd467630908225c1fa6f91&db_query_force=1&ajax_request=true&ajax_page_request=true&menuHashes=2d97f7af-4cacda95-5ddd2d3d-e01b01ca-6a32e07b-c1eefcb8-7fe306ed&_nocache=1762720842523538145 HTTP/1.1" 200 4039
::1 - - [09/Nov/2025:17:40:45 -0300] "POST /phpmyadmin/import.php HTTP/1.1" 200 2450
::1 - - [09/Nov/2025:17:40:47 -0300] "GET /phpmyadmin/sql.php?server=1&db=db_manga_store&table=fornecedores&pos=0&token=bb81c3adc5bd467630908225c1fa6f91&ajax_request=true&ajax_page_request=true&menuHashes=2d97f7af-4cacda95-5ddd2d3d-e01b01ca-6a32e07b-c1eefcb8-7fe306ed&_nocache=1762720847124808977 HTTP/1.1" 200 27396
::1 - - [09/Nov/2025:17:40:47 -0300] "GET /phpmyadmin/index.php?ajax_request=1&recent_table=1&token=bb81c3adc5bd467630908225c1fa6f91 HTTP/1.1" 200 651
::1 - - [09/Nov/2025:17:40:47 -0300] "GET /phpmyadmin/db_structure.php?server=1&db=db_manga_store&token=bb81c3adc5bd467630908225c1fa6f91&ajax_request=true&ajax_page_request=true&menuHashes=2d97f7af-4cacda95-5ddd2d3d-e01b01ca-6a32e07b-c1eefcb8-7fe306ed&_nocache=1762720847835992487 HTTP/1.1" 200 18466
::1 - - [09/Nov/2025:17:41:56 -0300] "GET /phpmyadmin/db_sql.php?db=db_manga_store&token=bb81c3adc5bd467630908225c1fa6f91&db_query_force=1&ajax_request=true&ajax_page_request=true&menuHashes=2d97f7af-4cacda95-5ddd2d3d-e01b01ca-6a32e07b-c1eefcb8-7fe306ed&_nocache=1762720916209535246 HTTP/1.1" 200 4039
::1 - - [09/Nov/2025:17:41:59 -0300] "POST /phpmyadmin/import.php HTTP/1.1" 200 2450
::1 - - [09/Nov/2025:17:42:01 -0300] "GET /phpmyadmin/sql.php?server=1&db=db_manga_store&table=fornecedores&pos=0&token=bb81c3adc5bd467630908225c1fa6f91&ajax_request=true&ajax_page_request=true&menuHashes=2d97f7af-4cacda95-5ddd2d3d-e01b01ca-6a32e07b-c1eefcb8-7fe306ed&_nocache=1762720921461689042 HTTP/1.1" 200 27396
::1 - - [09/Nov/2025:17:42:01 -0300] "GET /phpmyadmin/index.php?ajax_request=1&recent_table=1&token=bb81c3adc5bd467630908225c1fa6f91 HTTP/1.1" 200 651
::1 - - [09/Nov/2025:17:42:02 -0300] "GET /phpmyadmin/db_structure.php?server=1&db=db_manga_store&token=bb81c3adc5bd467630908225c1fa6f91&ajax_request=true&ajax_page_request=true&menuHashes=2d97f7af-4cacda95-5ddd2d3d-e01b01ca-6a32e07b-c1eefcb8-7fe306ed&_nocache=1762720922111798893 HTTP/1.1" 200 18466
::1 - - [09/Nov/2025:17:42:45 -0300] "GET /phpmyadmin/db_sql.php?db=db_manga_store&token=bb81c3adc5bd467630908225c1fa6f91&db_query_force=1&ajax_request=true&ajax_page_request=true&menuHashes=2d97f7af-4cacda95-5ddd2d3d-e01b01ca-6a32e07b-c1eefcb8-7fe306ed&_nocache=1762720965969934493 HTTP/1.1" 200 4039
::1 - - [09/Nov/2025:17:42:48 -0300] "POST /phpmyadmin/import.php HTTP/1.1" 200 2450
::1 - - [09/Nov/2025:17:42:50 -0300] "GET /phpmyadmin/sql.php?server=1&db=db_manga_store&table=fornecedores&pos=0&token=bb81c3adc5bd467630908225c1fa6f91&ajax_request=true&ajax_page_request=true&menuHashes=2d97f7af-4cacda95-5ddd2d3d-e01b01ca-6a32e07b-c1eefcb8-7fe306ed&_nocache=1762720970901773815 HTTP/1.1" 200 27396
::1 - - [09/Nov/2025:17:42:51 -0300] "GET /phpmyadmin/index.php?ajax_request=1&recent_table=1&token=bb81c3adc5bd467630908225c1fa6f91 HTTP/1.1" 200 651
::1 - - [09/Nov/2025:17:42:52 -0300] "GET /phpmyadmin/db_structure.php?server=1&db=db_manga_store&token=bb81c3adc5bd467630908225c1fa6f91&ajax_request=true&ajax_page_request=true&menuHashes=2d97f7af-4cacda95-5ddd2d3d-e01b01ca-6a32e07b-c1eefcb8-7fe306ed&_nocache=1762720972169897436 HTTP/1.1" 200 18466
::1 - - [09/Nov/2025:17:42:53 -0300] "GET /phpmyadmin/db_sql.php?db=db_manga_store&token=bb81c3adc5bd467630908225c1fa6f91&db_query_force=1&ajax_request=true&ajax_page_request=true&menuHashes=2d97f7af-4cacda95-5ddd2d3d-e01b01ca-6a32e07b-c1eefcb8-7fe306ed&_nocache=1762720973035522735 HTTP/1.1" 200 4039
::1 - - [09/Nov/2025:17:43:37 -0300] "POST /phpmyadmin/import.php HTTP/1.1" 200 2450
::1 - - [09/Nov/2025:17:43:38 -0300] "GET /phpmyadmin/sql.php?server=1&db=db_manga_store&table=fornecedores&pos=0&token=bb81c3adc5bd467630908225c1fa6f91&ajax_request=true&ajax_page_request=true&menuHashes=2d97f7af-4cacda95-5ddd2d3d-e01b01ca-6a32e07b-c1eefcb8-7fe306ed&_nocache=1762721018915628983 HTTP/1.1" 200 27396
::1 - - [09/Nov/2025:17:43:39 -0300] "GET /phpmyadmin/index.php?ajax_request=1&recent_table=1&token=bb81c3adc5bd467630908225c1fa6f91 HTTP/1.1" 200 651
::1 - - [09/Nov/2025:17:43:40 -0300] "GET /phpmyadmin/db_structure.php?server=1&db=db_manga_store&token=bb81c3adc5bd467630908225c1fa6f91&ajax_request=true&ajax_page_request=true&menuHashes=2d97f7af-4cacda95-5ddd2d3d-e01b01ca-6a32e07b-c1eefcb8-7fe306ed&_nocache=1762721020259797952 HTTP/1.1" 200 18466
::1 - - [09/Nov/2025:17:44:36 -0300] "GET /phpmyadmin/db_sql.php?db=db_manga_store&token=bb81c3adc5bd467630908225c1fa6f91&db_query_force=1&ajax_request=true&ajax_page_request=true&menuHashes=2d97f7af-4cacda95-5ddd2d3d-e01b01ca-6a32e07b-c1eefcb8-7fe306ed&_nocache=1762721076162401037 HTTP/1.1" 200 4039
::1 - - [09/Nov/2025:17:44:39 -0300] "POST /phpmyadmin/import.php HTTP/1.1" 200 2450
::1 - - [09/Nov/2025:17:44:40 -0300] "GET /phpmyadmin/sql.php?server=1&db=db_manga_store&table=fornecedores&pos=0&token=bb81c3adc5bd467630908225c1fa6f91&ajax_request=true&ajax_page_request=true&menuHashes=2d97f7af-4cacda95-5ddd2d3d-e01b01ca-6a32e07b-c1eefcb8-7fe306ed&_nocache=176272108070774060 HTTP/1.1" 200 27396
::1 - - [09/Nov/2025:17:44:40 -0300] "GET /phpmyadmin/index.php?ajax_request=1&recent_table=1&token=bb81c3adc5bd467630908225c1fa6f91 HTTP/1.1" 200 651
::1 - - [09/Nov/2025:17:44:41 -0300] "GET /phpmyadmin/db_structure.php?server=1&db=db_manga_store&token=bb81c3adc5bd467630908225c1fa6f91&ajax_request=true&ajax_page_request=true&menuHashes=2d97f7af-4cacda95-5ddd2d3d-e01b01ca-6a32e07b-c1eefcb8-7fe306ed&_nocache=1762721081847356945 HTTP/1.1" 200 18466
::1 - - [09/Nov/2025:17:44:43 -0300] "GET /phpmyadmin/db_sql.php?db=db_manga_store&token=bb81c3adc5bd467630908225c1fa6f91&db_query_force=1&ajax_request=true&ajax_page_request=true&menuHashes=2d97f7af-4cacda95-5ddd2d3d-e01b01ca-6a32e07b-c1eefcb8-7fe306ed&_nocache=1762721083051181858 HTTP/1.1" 200 4039
::1 - - [09/Nov/2025:17:45:40 -0300] "GET /phpmyadmin/sql.php?server=1&db=db_manga_store&table=fornecedores&pos=0&token=bb81c3adc5bd467630908225c1fa6f91&ajax_request=true&ajax_page_request=true&menuHashes=2d97f7af-4cacda95-5ddd2d3d-e01b01ca-6a32e07b-c1eefcb8-7fe306ed&_nocache=176272114092999516 HTTP/1.1" 200 27396
::1 - - [09/Nov/2025:17:45:41 -0300] "GET /phpmyadmin/index.php?ajax_request=1&recent_table=1&token=bb81c3adc5bd467630908225c1fa6f91 HTTP/1.1" 200 651
::1 - - [09/Nov/2025:17:45:42 -0300] "GET /phpmyadmin/db_structure.php?server=1&db=cad_clientes&token=bb81c3adc5bd467630908225c1fa6f91&ajax_request=true&ajax_page_request=true&menuHashes=2d97f7af-4cacda95-5ddd2d3d-e01b01ca-6a32e07b-c1eefcb8-7fe306ed&_nocache=1762721142033859379 HTTP/1.1" 200 16006
::1 - - [09/Nov/2025:17:45:42 -0300] "GET /phpmyadmin/db_structure.php?server=1&db=db_manga_store&token=bb81c3adc5bd467630908225c1fa6f91&ajax_request=true&ajax_page_request=true&menuHashes=4cacda95-5ddd2d3d-e01b01ca-6a32e07b-c1eefcb8-7fe306ed-195b39a2&_nocache=176272114270185294 HTTP/1.1" 200 18466
::1 - - [09/Nov/2025:17:45:44 -0300] "GET /phpmyadmin/db_sql.php?db=db_manga_store&token=bb81c3adc5bd467630908225c1fa6f91&db_query_force=1&ajax_request=true&ajax_page_request=true&menuHashes=4cacda95-5ddd2d3d-e01b01ca-6a32e07b-c1eefcb8-7fe306ed-195b39a2&_nocache=1762721144477455298 HTTP/1.1" 200 4039
::1 - - [09/Nov/2025:17:45:48 -0300] "POST /phpmyadmin/import.php HTTP/1.1" 200 2450
::1 - - [09/Nov/2025:17:45:50 -0300] "GET /phpmyadmin/sql.php?server=1&db=db_manga_store&table=mangas&pos=0&token=bb81c3adc5bd467630908225c1fa6f91&ajax_request=true&ajax_page_request=true&menuHashes=4cacda95-5ddd2d3d-e01b01ca-6a32e07b-c1eefcb8-7fe306ed-195b39a2&_nocache=1762721150087443216 HTTP/1.1" 200 2513416
::1 - - [09/Nov/2025:17:45:51 -0300] "GET /phpmyadmin/index.php?ajax_request=1&recent_table=1&token=bb81c3adc5bd467630908225c1fa6f91 HTTP/1.1" 200 651
::1 - - [09/Nov/2025:17:47:59 -0300] "GET /phpmyadmin/db_structure.php?server=1&db=db_manga_store&token=bb81c3adc5bd467630908225c1fa6f91&ajax_request=true&ajax_page_request=true&menuHashes=4cacda95-5ddd2d3d-e01b01ca-6a32e07b-c1eefcb8-7fe306ed-195b39a2&_nocache=1762721279442748760 HTTP/1.1" 200 18467
::1 - - [09/Nov/2025:17:48:00 -0300] "GET /phpmyadmin/db_sql.php?db=db_manga_store&token=bb81c3adc5bd467630908225c1fa6f91&db_query_force=1&ajax_request=true&ajax_page_request=true&menuHashes=4cacda95-5ddd2d3d-e01b01ca-6a32e07b-c1eefcb8-7fe306ed-195b39a2&_nocache=176272128048156619 HTTP/1.1" 200 4039
::1 - - [09/Nov/2025:17:49:09 -0300] "POST /phpmyadmin/import.php HTTP/1.1" 200 2450
::1 - - [09/Nov/2025:17:50:27 -0300] "GET /phpmyadmin/db_structure.php?server=1&db=cad_clientes&token=bb81c3adc5bd467630908225c1fa6f91&ajax_request=true&ajax_page_request=true&menuHashes=4cacda95-5ddd2d3d-e01b01ca-6a32e07b-c1eefcb8-7fe306ed-195b39a2&_nocache=1762721427968213433 HTTP/1.1" 200 12710
::1 - - [09/Nov/2025:17:50:37 -0300] "GET /phpmyadmin/db_operations.php?server=1&db=cad_clientes&token=bb81c3adc5bd467630908225c1fa6f91&ajax_request=true&ajax_page_request=true&menuHashes=4cacda95-5ddd2d3d-e01b01ca-6a32e07b-c1eefcb8-7fe306ed-195b39a2&_nocache=1762721437411611089 HTTP/1.1" 200 42223
::1 - - [09/Nov/2025:17:50:37 -0300] "GET /phpmyadmin/js/get_scripts.js.php?scripts[]=db_operations.js HTTP/1.1" 200 1854
::1 - - [09/Nov/2025:17:50:43 -0300] "GET /phpmyadmin/navigation.php?ajax_request=1&token=bb81c3adc5bd467630908225c1fa6f91&aPath=cm9vdA%3D%3D.Y2FkX2NsaWVudGVz&vPath=cm9vdA%3D%3D.Y2FkX2NsaWVudGVz&pos=0&pos2_name=&pos2_value=&searchClause=&searchClause2=&_nocache=1762721443376916475 HTTP/1.1" 200 2207
::1 - - [09/Nov/2025:17:50:44 -0300] "GET /phpmyadmin/db_structure.php?server=1&db=cad_clientes&token=bb81c3adc5bd467630908225c1fa6f91&ajax_request=true&ajax_page_request=true&menuHashes=5ddd2d3d-e01b01ca-6a32e07b-c1eefcb8-7fe306ed-195b39a2-ce260b4e&_nocache=1762721444697693340 HTTP/1.1" 200 12710
::1 - - [09/Nov/2025:17:50:57 -0300] "GET /phpmyadmin/db_structure.php?server=1&db=cad_clientes&token=bb81c3adc5bd467630908225c1fa6f91&ajax_request=true&ajax_page_request=true&menuHashes=5ddd2d3d-e01b01ca-6a32e07b-c1eefcb8-7fe306ed-195b39a2-ce260b4e&_nocache=1762721457169602494 HTTP/1.1" 200 12710
::1 - - [09/Nov/2025:17:50:57 -0300] "GET /phpmyadmin/db_structure.php?server=1&db=cad_clientes&token=bb81c3adc5bd467630908225c1fa6f91&ajax_request=true&ajax_page_request=true&menuHashes=5ddd2d3d-e01b01ca-6a32e07b-c1eefcb8-7fe306ed-195b39a2-ce260b4e&_nocache=1762721457817439272 HTTP/1.1" 200 12710
::1 - - [09/Nov/2025:17:51:07 -0300] "GET /phpmyadmin/db_operations.php?server=1&db=db_manga_store&token=bb81c3adc5bd467630908225c1fa6f91&ajax_request=true&ajax_page_request=true&menuHashes=5ddd2d3d-e01b01ca-6a32e07b-c1eefcb8-7fe306ed-195b39a2-ce260b4e&_nocache=1762721467378355068 HTTP/1.1" 200 42275
::1 - - [09/Nov/2025:17:51:20 -0300] "GET /phpmyadmin/themes/pmahomme/jquery/images/ui-bg_glass_65_ffffff_1x400.png HTTP/1.1" 200 105
::1 - - [09/Nov/2025:17:51:29 -0300] "GET /phpmyadmin/db_structure.php?server=1&db=cad_clientes&token=bb81c3adc5bd467630908225c1fa6f91&ajax_request=true&ajax_page_request=true&menuHashes=e01b01ca-6a32e07b-c1eefcb8-7fe306ed-195b39a2-ce260b4e-4082ccaf&_nocache=176272148931785535 HTTP/1.1" 200 12710
::1 - - [09/Nov/2025:17:51:31 -0300] "GET /phpmyadmin/db_sql.php?db=cad_clientes&token=bb81c3adc5bd467630908225c1fa6f91&db_query_force=1&ajax_request=true&ajax_page_request=true&menuHashes=e01b01ca-6a32e07b-c1eefcb8-7fe306ed-195b39a2-ce260b4e-4082ccaf&_nocache=1762721491109446235 HTTP/1.1" 200 7321
::1 - - [09/Nov/2025:17:51:58 -0300] "GET /phpmyadmin/db_operations.php?server=1&db=cad_clientes&token=bb81c3adc5bd467630908225c1fa6f91&ajax_request=true&ajax_page_request=true&menuHashes=6a32e07b-c1eefcb8-7fe306ed-195b39a2-ce260b4e-4082ccaf-162bd408&_nocache=1762721518928923006 HTTP/1.1" 200 38927
::1 - - [09/Nov/2025:17:52:04 -0300] "GET /phpmyadmin/sql.php?sql_query=DROP+DATABASE+%60cad_clientes%60&back=db_operations.php&goto=index.php&reload=1&purge=1&message_to_show=A+base+de+dados+%60cad_clientes%60+foi+eliminada.&token=bb81c3adc5bd467630908225c1fa6f91&is_js_confirmed=1&ajax_request=true&_nocache=1762721524360814007 HTTP/1.1" 200 1643
::1 - - [09/Nov/2025:17:52:04 -0300] "POST /phpmyadmin/navigation.php?ajax_request=1&token=bb81c3adc5bd467630908225c1fa6f91 HTTP/1.1" 200 22384
::1 - - [09/Nov/2025:17:52:04 -0300] "POST /phpmyadmin/navigation.php?ajax_request=1&token=bb81c3adc5bd467630908225c1fa6f91 HTTP/1.1" 200 22384
::1 - - [09/Nov/2025:17:52:04 -0300] "GET /phpmyadmin/server_databases.php?token=bb81c3adc5bd467630908225c1fa6f91&server=1&db=&table=&ajax_request=true&ajax_page_request=true&menuHashes=6a32e07b-c1eefcb8-7fe306ed-195b39a2-ce260b4e-4082ccaf-162bd408&_nocache=1762721524466741721 HTTP/1.1" 200 41230
::1 - - [09/Nov/2025:17:52:04 -0300] "GET /phpmyadmin/js/get_scripts.js.php?scripts[]=server_databases.js HTTP/1.1" 200 1818
::1 - - [09/Nov/2025:17:52:12 -0300] "GET /phpmyadmin/db_structure.php?server=1&db=db_manga_store&token=bb81c3adc5bd467630908225c1fa6f91&ajax_request=true&ajax_page_request=true&menuHashes=c1eefcb8-7fe306ed-195b39a2-ce260b4e-4082ccaf-162bd408-604763f1&_nocache=1762721532169266430 HTTP/1.1" 200 21791
